{"level":"error","message":"Employee does not exist try with another email id","timestamp":"2022-03-21T10:22:50.468Z"}
{"level":"error","message":"Employee does not exist try with another email id","timestamp":"2022-03-21T10:26:33.737Z"}
{"level":"error","message":"Employee does not exist try with another email id","timestamp":"2022-03-25T03:25:02.896Z"}
{"level":"error","message":"error Occurred while login","timestamp":"2022-03-25T03:25:02.920Z"}
{"level":"error","message":"Employee does not exist try with another email id","timestamp":"2022-03-25T03:43:10.480Z"}
{"level":"error","message":"error Occurred while login","timestamp":"2022-03-25T03:43:10.499Z"}
{"level":"error","message":"Employee does not exist try with another email id","timestamp":"2022-03-25T03:43:23.257Z"}
{"level":"error","message":"error Occurred while login","timestamp":"2022-03-25T03:43:23.265Z"}
{"level":"error","message":"Employee does not exist try with another email id","timestamp":"2022-03-25T03:44:26.329Z"}
{"level":"error","message":"error Occurred while login","timestamp":"2022-03-25T03:44:26.336Z"}
{"level":"error","message":"Employee does not exist try with another email id","timestamp":"2022-03-25T03:54:53.692Z"}
{"level":"error","message":"error Occurred while login","timestamp":"2022-03-25T03:54:53.696Z"}
{"level":"error","message":"Employee does not exist try with another email id","timestamp":"2022-03-25T05:02:20.972Z"}
{"level":"error","message":"error Occurred while login","timestamp":"2022-03-25T05:02:20.975Z"}
{"level":"error","message":"Employee does not exist","timestamp":"2022-04-06T14:18:23.394Z"}
{"level":"error","message":"Employee does not exist","timestamp":"2022-04-06T14:18:23.410Z"}
{"level":"error","message":"Employee does not exist","timestamp":"2022-04-06T14:24:46.363Z"}
{"level":"error","message":"Employee does not exist","timestamp":"2022-04-06T14:24:51.596Z"}
{"level":"error","message":"Employee does not exist","timestamp":"2022-04-06T14:24:55.795Z"}
{"level":"error","message":"Employee does not exist","timestamp":"2022-04-06T14:24:57.313Z"}
{"level":"error","message":"Employee does not exist","timestamp":"2022-04-06T14:24:58.475Z"}
{"level":"error","message":"Employee does not exist","timestamp":"2022-04-06T14:24:59.894Z"}
{"level":"error","message":"Employee does not exist","timestamp":"2022-04-06T14:25:06.767Z"}
{"level":"error","message":"Employee does not exist","timestamp":"2022-04-06T14:25:57.858Z"}
{"level":"error","message":"Employee does not exist try with another email id","timestamp":"2022-04-07T04:10:42.945Z"}
{"level":"error","message":"Error Occurred","timestamp":"2022-04-07T04:11:38.134Z"}
{"level":"error","message":"Error Occurred","timestamp":"2022-04-07T04:13:16.179Z"}
{"level":"error","message":"Employee does not exist try with another email id","timestamp":"2022-04-07T05:59:18.263Z"}
{"level":"error","message":"error Occurred while login","timestamp":"2022-04-07T05:59:18.332Z"}
{"level":"error","message":"Employee does not exist try with another email id","timestamp":"2022-04-07T05:59:45.070Z"}
{"level":"error","message":"error Occurred while login","timestamp":"2022-04-07T05:59:45.075Z"}
{"level":"error","message":"Employee does not exist try with another email id","timestamp":"2022-04-07T06:00:03.293Z"}
{"level":"error","message":"error Occurred while login","timestamp":"2022-04-07T06:00:03.294Z"}
{"level":"error","message":"Employee does not exist try with another email id","timestamp":"2022-04-07T06:02:18.859Z"}
{"level":"error","message":"Password Invalid","timestamp":"2022-04-21T11:14:06.091Z"}
{"level":"error","message":"Password Invalid","timestamp":"2022-04-21T11:14:15.735Z"}
{"level":"error","message":"Error Occurred While Register","timestamp":"2022-04-21T11:15:58.159Z"}
{"level":"error","message":"Error Occurred While Register","timestamp":"2022-04-21T11:16:58.803Z"}
{"level":"error","message":"Error Occurred While Register","timestamp":"2022-04-21T11:18:42.600Z"}
{"level":"error","message":"email_id already registered plz try with different email_id","timestamp":"2022-04-21T11:34:53.868Z"}
{"level":"error","message":"email_id already registered plz try with different email_id","timestamp":"2022-04-21T11:48:05.217Z"}
{"level":"error","message":"Error Occurred While Register","timestamp":"2022-04-21T11:48:52.950Z"}
