{"level":"info","message":"login Sucssesful","timestamp":"2022-03-21T10:22:21.193Z"}
{"level":"error","message":"Employee does not exist try with another email id","timestamp":"2022-03-21T10:22:50.468Z"}
{"level":"error","message":"Employee does not exist try with another email id","timestamp":"2022-03-21T10:26:33.733Z"}
{"level":"error","message":"Employee does not exist try with another email id","timestamp":"2022-03-25T03:25:02.892Z"}
{"level":"error","message":"error Occurred while login","timestamp":"2022-03-25T03:25:02.918Z"}
{"level":"error","message":"Employee does not exist try with another email id","timestamp":"2022-03-25T03:43:10.476Z"}
{"level":"error","message":"error Occurred while login","timestamp":"2022-03-25T03:43:10.497Z"}
{"level":"error","message":"Employee does not exist try with another email id","timestamp":"2022-03-25T03:43:23.257Z"}
{"level":"error","message":"error Occurred while login","timestamp":"2022-03-25T03:43:23.265Z"}
{"level":"error","message":"Employee does not exist try with another email id","timestamp":"2022-03-25T03:44:26.328Z"}
{"level":"error","message":"error Occurred while login","timestamp":"2022-03-25T03:44:26.335Z"}
{"level":"error","message":"Employee does not exist try with another email id","timestamp":"2022-03-25T03:54:53.689Z"}
{"level":"error","message":"error Occurred while login","timestamp":"2022-03-25T03:54:53.695Z"}
{"level":"info","message":"login Sucssesful","timestamp":"2022-03-25T03:55:24.899Z"}
{"level":"error","message":"Employee does not exist try with another email id","timestamp":"2022-03-25T05:02:20.968Z"}
{"level":"error","message":"error Occurred while login","timestamp":"2022-03-25T05:02:20.974Z"}
{"level":"info","message":"login Sucssesful","timestamp":"2022-04-06T13:57:07.582Z"}
{"level":"error","message":"Employee does not exist","timestamp":"2022-04-06T14:18:23.390Z"}
{"level":"error","message":"Employee does not exist","timestamp":"2022-04-06T14:18:23.408Z"}
{"level":"error","message":"Employee does not exist","timestamp":"2022-04-06T14:24:46.359Z"}
{"level":"info","message":"Employee Updated","timestamp":"2022-04-06T14:24:46.400Z"}
{"level":"error","message":"Employee does not exist","timestamp":"2022-04-06T14:24:51.595Z"}
{"level":"info","message":"Employee Updated","timestamp":"2022-04-06T14:24:51.601Z"}
{"level":"error","message":"Employee does not exist","timestamp":"2022-04-06T14:24:55.793Z"}
{"level":"info","message":"Employee Updated","timestamp":"2022-04-06T14:24:55.812Z"}
{"level":"error","message":"Employee does not exist","timestamp":"2022-04-06T14:24:57.312Z"}
{"level":"info","message":"Employee Updated","timestamp":"2022-04-06T14:24:57.334Z"}
{"level":"error","message":"Employee does not exist","timestamp":"2022-04-06T14:24:58.474Z"}
{"level":"info","message":"Employee Updated","timestamp":"2022-04-06T14:24:58.489Z"}
{"level":"error","message":"Employee does not exist","timestamp":"2022-04-06T14:24:59.892Z"}
{"level":"info","message":"Employee Updated","timestamp":"2022-04-06T14:24:59.898Z"}
{"level":"error","message":"Employee does not exist","timestamp":"2022-04-06T14:25:06.767Z"}
{"level":"info","message":"Employee Updated","timestamp":"2022-04-06T14:25:06.772Z"}
{"level":"error","message":"Employee does not exist","timestamp":"2022-04-06T14:25:57.858Z"}
{"level":"info","message":"login Sucssesful","timestamp":"2022-04-07T03:18:47.089Z"}
{"level":"error","message":"Employee does not exist try with another email id","timestamp":"2022-04-07T04:10:42.941Z"}
{"level":"error","message":"Error Occurred","timestamp":"2022-04-07T04:11:38.133Z"}
{"level":"error","message":"Error Occurred","timestamp":"2022-04-07T04:13:16.174Z"}
{"level":"info","message":"login Sucssesful","timestamp":"2022-04-07T05:04:24.202Z"}
{"level":"info","message":"login Sucssesful","timestamp":"2022-04-07T05:12:41.029Z"}
{"level":"info","message":"login Sucssesful","timestamp":"2022-04-07T05:19:12.862Z"}
{"level":"info","message":"login Sucssesful","timestamp":"2022-04-07T05:21:45.453Z"}
{"level":"info","message":"login Sucssesful","timestamp":"2022-04-07T05:53:42.162Z"}
{"level":"error","message":"Employee does not exist try with another email id","timestamp":"2022-04-07T05:59:18.259Z"}
{"level":"error","message":"error Occurred while login","timestamp":"2022-04-07T05:59:18.332Z"}
{"level":"error","message":"Employee does not exist try with another email id","timestamp":"2022-04-07T05:59:45.069Z"}
{"level":"error","message":"error Occurred while login","timestamp":"2022-04-07T05:59:45.074Z"}
{"level":"info","message":"login Sucssesful","timestamp":"2022-04-07T05:59:53.495Z"}
{"level":"error","message":"Employee does not exist try with another email id","timestamp":"2022-04-07T06:00:03.291Z"}
{"level":"error","message":"error Occurred while login","timestamp":"2022-04-07T06:00:03.294Z"}
{"level":"error","message":"Employee does not exist try with another email id","timestamp":"2022-04-07T06:02:18.854Z"}
{"level":"info","message":"login Sucssesful","timestamp":"2022-04-07T06:03:37.908Z"}
{"level":"info","message":"login Sucssesful","timestamp":"2022-04-07T06:10:31.068Z"}
{"level":"info","message":"login Sucssesful","timestamp":"2022-04-07T06:15:31.682Z"}
